2018-05-09 09:17:22,005 ERROR asdfadfd
2018-05-09 09:57:18,071 ERROR O arquivo 2032526_2014-07-31_RE4_3A_315082_CR_metadata.xml não existe
2018-05-09 09:57:18,071 ERROR O arquivo 2032526_2014-07-31_RE4_3A_315082_CR_metadata.xml não existe
2018-05-09 09:57:18,071 ERROR A imagem False está sem metadados
2018-05-09 09:57:18,071 ERROR A imagem False está sem metadados
2018-05-09 09:57:49,801 ERROR O arquivo 2032526_2014-07-31_RE4_3A_315082_CR_metadata.xml não existe
2018-05-09 09:57:49,801 ERROR O arquivo 2032526_2014-07-31_RE4_3A_315082_CR_metadata.xml não existe
2018-05-09 09:57:49,801 ERROR A imagem False está sem metadados
2018-05-09 09:57:49,801 ERROR A imagem False está sem metadados
2018-05-09 09:58:07,181 ERROR O arquivo 2032526_2014-07-31_RE4_3A_315082_CR_metadata.xml não existe
2018-05-09 09:58:07,181 ERROR O arquivo 2032526_2014-07-31_RE4_3A_315082_CR_metadata.xml não existe
2018-05-09 09:58:07,182 ERROR A imagem /home/igor/rapideye/4a_cobertura/2032526_2014-07-31_RE4_3A_315082_CR está sem metadados
2018-05-09 09:58:07,182 ERROR A imagem /home/igor/rapideye/4a_cobertura/2032526_2014-07-31_RE4_3A_315082_CR está sem metadados
2018-05-09 09:59:36,694 ERROR O arquivo 2032526_2014-07-31_RE4_3A_315082_CR_metadata.xml não existe
2018-05-09 09:59:36,694 ERROR O arquivo 2032526_2014-07-31_RE4_3A_315082_CR_metadata.xml não existe
2018-05-09 09:59:36,694 ERROR O diretório /home/igor/rapideye/4a_cobertura/2032526_2014-07-31_RE4_3A_315082_CR está sem metadados
2018-05-09 09:59:36,694 ERROR O diretório /home/igor/rapideye/4a_cobertura/2032526_2014-07-31_RE4_3A_315082_CR está sem metadados
2018-05-09 09:59:51,463 ERROR O arquivo 2032526_2014-07-31_RE4_3A_315082_CR_metadata.xml não existe
2018-05-09 09:59:51,463 ERROR O arquivo 2032526_2014-07-31_RE4_3A_315082_CR_metadata.xml não existe
2018-05-09 09:59:51,463 ERROR O diretório /home/igor/rapideye/4a_cobertura/2032526_2014-07-31_RE4_3A_315082_CR está sem metadados
2018-05-09 09:59:51,463 ERROR O diretório /home/igor/rapideye/4a_cobertura/2032526_2014-07-31_RE4_3A_315082_CR está sem metadados
2018-05-09 11:43:57,130 ERROR O arquivo 2032526_2014-07-31_RE4_3A_315082_CR_metadata.xml não existe
2018-05-09 11:43:57,130 ERROR O arquivo 2032526_2014-07-31_RE4_3A_315082_CR_metadata.xml não existe
2018-05-09 11:43:57,130 ERROR O diretório /home/igor/rapideye/4a_cobertura/2032526_2014-07-31_RE4_3A_315082_CR está sem metadados
2018-05-09 11:43:57,130 ERROR O diretório /home/igor/rapideye/4a_cobertura/2032526_2014-07-31_RE4_3A_315082_CR está sem metadados
2018-05-09 14:43:26,129 ERROR O arquivo 2032526_2014-07-31_RE4_3A_315082_CR_metadata.xml não existe
2018-05-09 14:43:26,129 ERROR O arquivo 2032526_2014-07-31_RE4_3A_315082_CR_metadata.xml não existe
2018-05-09 14:43:26,129 ERROR O diretório /home/igor/rapideye/4a_cobertura/2032526_2014-07-31_RE4_3A_315082_CR está sem metadados
2018-05-09 14:43:26,129 ERROR O diretório /home/igor/rapideye/4a_cobertura/2032526_2014-07-31_RE4_3A_315082_CR está sem metadados
2018-05-09 14:44:30,429 ERROR O arquivo 2032526_2014-07-31_RE4_3A_315082_CR_metadata.xml não existe
2018-05-09 14:44:30,429 ERROR O arquivo 2032526_2014-07-31_RE4_3A_315082_CR_metadata.xml não existe
2018-05-09 14:44:30,429 ERROR O diretório /home/igor/rapideye/4a_cobertura/2032526_2014-07-31_RE4_3A_315082_CR está sem metadados
2018-05-09 14:44:30,429 ERROR O diretório /home/igor/rapideye/4a_cobertura/2032526_2014-07-31_RE4_3A_315082_CR está sem metadados
2018-05-09 14:45:37,221 ERROR O arquivo 2032526_2014-07-31_RE4_3A_315082_CR_metadata.xml não existe
2018-05-09 14:45:37,221 ERROR O arquivo 2032526_2014-07-31_RE4_3A_315082_CR_metadata.xml não existe
2018-05-09 14:45:37,221 ERROR O diretório /home/igor/rapideye/4a_cobertura/2032526_2014-07-31_RE4_3A_315082_CR está sem metadados
2018-05-09 14:45:37,221 ERROR O diretório /home/igor/rapideye/4a_cobertura/2032526_2014-07-31_RE4_3A_315082_CR está sem metadados
2018-05-09 14:49:48,072 ERROR O arquivo 2032526_2014-07-31_RE4_3A_315082_CR_metadata.xml não existe
2018-05-09 14:49:48,072 ERROR O arquivo 2032526_2014-07-31_RE4_3A_315082_CR_metadata.xml não existe
2018-05-09 14:49:48,072 ERROR O diretório /home/igor/rapideye/4a_cobertura/2032526_2014-07-31_RE4_3A_315082_CR está sem metadados
2018-05-09 14:49:48,072 ERROR O diretório /home/igor/rapideye/4a_cobertura/2032526_2014-07-31_RE4_3A_315082_CR está sem metadados
2018-05-09 15:13:41,468 ERROR O arquivo 2032526_2014-07-31_RE4_3A_315082_CR_metadata.xml não existe
2018-05-09 15:13:41,468 ERROR O arquivo 2032526_2014-07-31_RE4_3A_315082_CR_metadata.xml não existe
2018-05-09 15:13:41,468 ERROR O diretório /home/igor/rapideye/4a_cobertura/2032526_2014-07-31_RE4_3A_315082_CR está sem metadados
2018-05-09 15:13:41,468 ERROR O diretório /home/igor/rapideye/4a_cobertura/2032526_2014-07-31_RE4_3A_315082_CR está sem metadados
2018-05-09 15:23:54,039 ERROR O arquivo 2032526_2014-07-31_RE4_3A_315082_CR_metadata.xml não existe
2018-05-09 15:23:54,039 ERROR O arquivo 2032526_2014-07-31_RE4_3A_315082_CR_metadata.xml não existe
2018-05-09 15:23:54,040 ERROR O diretório /home/igor/rapideye/4a_cobertura/2032526_2014-07-31_RE4_3A_315082_CR está sem metadados
2018-05-09 15:23:54,040 ERROR O diretório /home/igor/rapideye/4a_cobertura/2032526_2014-07-31_RE4_3A_315082_CR está sem metadados
2018-05-09 15:24:26,484 ERROR O arquivo 2032526_2014-07-31_RE4_3A_315082_CR_metadata.xml não existe
2018-05-09 15:24:26,484 ERROR O arquivo 2032526_2014-07-31_RE4_3A_315082_CR_metadata.xml não existe
2018-05-09 15:24:26,485 ERROR O diretório /home/igor/rapideye/4a_cobertura/2032526_2014-07-31_RE4_3A_315082_CR está sem metadados
2018-05-09 15:24:26,485 ERROR O diretório /home/igor/rapideye/4a_cobertura/2032526_2014-07-31_RE4_3A_315082_CR está sem metadados
2018-05-09 15:25:57,028 ERROR O arquivo 2032526_2014-07-31_RE4_3A_315082_CR_metadata.xml não existe
2018-05-09 15:25:57,028 ERROR O arquivo 2032526_2014-07-31_RE4_3A_315082_CR_metadata.xml não existe
2018-05-09 15:25:57,028 ERROR O diretório /home/igor/rapideye/4a_cobertura/2032526_2014-07-31_RE4_3A_315082_CR está sem metadados
2018-05-09 15:25:57,028 ERROR O diretório /home/igor/rapideye/4a_cobertura/2032526_2014-07-31_RE4_3A_315082_CR está sem metadados
2018-05-09 15:27:13,231 ERROR O arquivo 2032526_2014-07-31_RE4_3A_315082_CR_metadata.xml não existe
2018-05-09 15:27:13,231 ERROR O arquivo 2032526_2014-07-31_RE4_3A_315082_CR_metadata.xml não existe
2018-05-09 15:27:13,231 ERROR O diretório /home/igor/rapideye/4a_cobertura/2032526_2014-07-31_RE4_3A_315082_CR está sem metadados
2018-05-09 15:27:13,231 ERROR O diretório /home/igor/rapideye/4a_cobertura/2032526_2014-07-31_RE4_3A_315082_CR está sem metadados
2018-05-09 15:29:18,886 ERROR O arquivo 2032526_2014-07-31_RE4_3A_315082_CR_metadata.xml não existe
2018-05-09 15:29:18,886 ERROR O arquivo 2032526_2014-07-31_RE4_3A_315082_CR_metadata.xml não existe
2018-05-09 15:29:18,886 ERROR O diretório /home/igor/rapideye/4a_cobertura/2032526_2014-07-31_RE4_3A_315082_CR está sem metadados
2018-05-09 15:29:18,886 ERROR O diretório /home/igor/rapideye/4a_cobertura/2032526_2014-07-31_RE4_3A_315082_CR está sem metadados
2018-05-09 15:30:11,862 ERROR O arquivo 2032526_2014-07-31_RE4_3A_315082_CR_metadata.xml não existe
2018-05-09 15:30:11,862 ERROR O arquivo 2032526_2014-07-31_RE4_3A_315082_CR_metadata.xml não existe
2018-05-09 15:30:11,862 ERROR O diretório /home/igor/rapideye/4a_cobertura/2032526_2014-07-31_RE4_3A_315082_CR está sem metadados
2018-05-09 15:30:11,862 ERROR O diretório /home/igor/rapideye/4a_cobertura/2032526_2014-07-31_RE4_3A_315082_CR está sem metadados
2018-05-09 16:03:51,690 ERROR O arquivo 2032526_2014-07-31_RE4_3A_315082_CR_metadata.xml não existe
2018-05-09 16:03:51,690 ERROR O arquivo 2032526_2014-07-31_RE4_3A_315082_CR_metadata.xml não existe
2018-05-09 16:03:51,690 ERROR O diretório /home/igor/rapideye/4a_cobertura/2032526_2014-07-31_RE4_3A_315082_CR está sem metadados
2018-05-09 16:03:51,690 ERROR O diretório /home/igor/rapideye/4a_cobertura/2032526_2014-07-31_RE4_3A_315082_CR está sem metadados
2018-05-09 16:04:46,939 ERROR O arquivo 2032526_2014-07-31_RE4_3A_315082_CR_metadata.xml não existe
2018-05-09 16:04:46,939 ERROR O arquivo 2032526_2014-07-31_RE4_3A_315082_CR_metadata.xml não existe
2018-05-09 16:04:46,940 ERROR O diretório /home/igor/rapideye/4a_cobertura/2032526_2014-07-31_RE4_3A_315082_CR está sem metadados
2018-05-09 16:04:46,940 ERROR O diretório /home/igor/rapideye/4a_cobertura/2032526_2014-07-31_RE4_3A_315082_CR está sem metadados
2018-05-09 16:05:29,687 ERROR O arquivo 2032526_2014-07-31_RE4_3A_315082_CR_metadata.xml não existe
2018-05-09 16:05:29,687 ERROR O arquivo 2032526_2014-07-31_RE4_3A_315082_CR_metadata.xml não existe
2018-05-09 16:05:29,687 ERROR O diretório /home/igor/rapideye/4a_cobertura/2032526_2014-07-31_RE4_3A_315082_CR está sem metadados
2018-05-09 16:05:29,687 ERROR O diretório /home/igor/rapideye/4a_cobertura/2032526_2014-07-31_RE4_3A_315082_CR está sem metadados
2018-05-09 16:07:17,307 ERROR O arquivo 2032526_2014-07-31_RE4_3A_315082_CR_metadata.xml não existe
2018-05-09 16:07:17,307 ERROR O arquivo 2032526_2014-07-31_RE4_3A_315082_CR_metadata.xml não existe
2018-05-09 16:07:17,307 ERROR O diretório /home/igor/rapideye/4a_cobertura/2032526_2014-07-31_RE4_3A_315082_CR está sem metadados
2018-05-09 16:07:17,307 ERROR O diretório /home/igor/rapideye/4a_cobertura/2032526_2014-07-31_RE4_3A_315082_CR está sem metadados
2018-05-09 16:07:51,048 ERROR O arquivo 2032526_2014-07-31_RE4_3A_315082_CR_metadata.xml não existe
2018-05-09 16:07:51,048 ERROR O arquivo 2032526_2014-07-31_RE4_3A_315082_CR_metadata.xml não existe
2018-05-09 16:07:51,049 ERROR O diretório /home/igor/rapideye/4a_cobertura/2032526_2014-07-31_RE4_3A_315082_CR está sem metadados
2018-05-09 16:07:51,049 ERROR O diretório /home/igor/rapideye/4a_cobertura/2032526_2014-07-31_RE4_3A_315082_CR está sem metadados
2018-05-09 16:11:54,317 ERROR O arquivo 2032526_2014-07-31_RE4_3A_315082_CR_metadata.xml não existe
2018-05-09 16:11:54,317 ERROR O arquivo 2032526_2014-07-31_RE4_3A_315082_CR_metadata.xml não existe
2018-05-09 16:11:54,317 ERROR O diretório /home/igor/rapideye/4a_cobertura/2032526_2014-07-31_RE4_3A_315082_CR está sem metadados
2018-05-09 16:11:54,317 ERROR O diretório /home/igor/rapideye/4a_cobertura/2032526_2014-07-31_RE4_3A_315082_CR está sem metadados
2018-05-09 16:13:48,376 ERROR O arquivo 2032526_2014-07-31_RE4_3A_315082_CR_metadata.xml não existe
2018-05-09 16:13:48,376 ERROR O arquivo 2032526_2014-07-31_RE4_3A_315082_CR_metadata.xml não existe
2018-05-09 16:13:48,376 ERROR O diretório /home/igor/rapideye/4a_cobertura/2032526_2014-07-31_RE4_3A_315082_CR está sem metadados
2018-05-09 16:13:48,376 ERROR O diretório /home/igor/rapideye/4a_cobertura/2032526_2014-07-31_RE4_3A_315082_CR está sem metadados
2018-05-09 16:14:25,408 ERROR O arquivo 2032526_2014-07-31_RE4_3A_315082_CR_metadata.xml não existe
2018-05-09 16:14:25,408 ERROR O arquivo 2032526_2014-07-31_RE4_3A_315082_CR_metadata.xml não existe
2018-05-09 16:14:25,408 ERROR O diretório /home/igor/rapideye/4a_cobertura/2032526_2014-07-31_RE4_3A_315082_CR está sem metadados
2018-05-09 16:14:25,408 ERROR O diretório /home/igor/rapideye/4a_cobertura/2032526_2014-07-31_RE4_3A_315082_CR está sem metadados
2018-05-09 16:52:20,336 ERROR O arquivo 2032526_2014-07-31_RE4_3A_315082_CR_metadata.xml não existe
2018-05-09 16:52:20,336 ERROR O arquivo 2032526_2014-07-31_RE4_3A_315082_CR_metadata.xml não existe
2018-05-09 16:52:20,336 ERROR O diretório /home/igor/rapideye/4a_cobertura/2032526_2014-07-31_RE4_3A_315082_CR está sem metadados
2018-05-09 16:52:20,336 ERROR O diretório /home/igor/rapideye/4a_cobertura/2032526_2014-07-31_RE4_3A_315082_CR está sem metadados
2018-05-09 16:56:33,551 ERROR O arquivo 2032526_2014-07-31_RE4_3A_315082_CR_metadata.xml não existe
2018-05-09 16:56:33,551 ERROR O arquivo 2032526_2014-07-31_RE4_3A_315082_CR_metadata.xml não existe
2018-05-09 16:56:33,552 ERROR O diretório /home/igor/rapideye/4a_cobertura/2032526_2014-07-31_RE4_3A_315082_CR está sem metadados
2018-05-09 16:56:33,552 ERROR O diretório /home/igor/rapideye/4a_cobertura/2032526_2014-07-31_RE4_3A_315082_CR está sem metadados
2018-05-09 16:59:01,823 ERROR O arquivo 2032526_2014-07-31_RE4_3A_315082_CR_metadata.xml não existe
2018-05-09 16:59:01,823 ERROR O arquivo 2032526_2014-07-31_RE4_3A_315082_CR_metadata.xml não existe
2018-05-09 16:59:01,824 ERROR O diretório /home/igor/rapideye/4a_cobertura/2032526_2014-07-31_RE4_3A_315082_CR está sem metadados
2018-05-09 16:59:01,824 ERROR O diretório /home/igor/rapideye/4a_cobertura/2032526_2014-07-31_RE4_3A_315082_CR está sem metadados
